<?xml version="1.0" encoding="UTF-8"?>
<testsuite xmlns:xsi="http://www.w3.org/2001/XMLSchema-instance" xsi:noNamespaceSchemaLocation="https://maven.apache.org/surefire/maven-surefire-plugin/xsd/surefire-test-report-3.0.xsd" version="3.0" name="com.bl.bullsandcows.data.GameDaoDatabaseTest" time="5.755" tests="4" errors="0" skipped="0" failures="0">
  <properties>
[...]
</properties>
  <testcase name="testDeleteById" classname="com.bl.bullsandcows.data.GameDaoDatabaseTest" time="0.868"/>
  <testcase name="testAddGet" classname="com.bl.bullsandcows.data.GameDaoDatabaseTest" time="0.056"/>
  <testcase name="testGetAll" classname="com.bl.bullsandcows.data.GameDaoDatabaseTest" time="0.065"/>
  <testcase name="testUpdate" classname="com.bl.bullsandcows.data.GameDaoDatabaseTest" time="0.073"/>
</testsuite>