<?xml version="1.0" encoding="UTF-8"?>
<testsuite xmlns:xsi="http://www.w3.org/2001/XMLSchema-instance" xsi:noNamespaceSchemaLocation="https://maven.apache.org/surefire/maven-surefire-plugin/xsd/surefire-test-report.xsd" name="com.bl.flooring.service.FlooringServiceTest" time="0.544" tests="8" errors="0" skipped="0" failures="0">
  <properties>
[...]
</properties>
  <testcase name="testGetOrder" classname="com.bl.flooring.service.FlooringServiceTest" time="0.002"/>
  <testcase name="testRemoveOrder" classname="com.bl.flooring.service.FlooringServiceTest" time="0"/>
  <testcase name="testGetOrderThrows" classname="com.bl.flooring.service.FlooringServiceTest" time="0"/>
  <testcase name="testGetProducts" classname="com.bl.flooring.service.FlooringServiceTest" time="0.001"/>
  <testcase name="testComposeOrder" classname="com.bl.flooring.service.FlooringServiceTest" time="0.001"/>
  <testcase name="testGetStates" classname="com.bl.flooring.service.FlooringServiceTest" time="0.001"/>
  <testcase name="testGetOrdersByDate" classname="com.bl.flooring.service.FlooringServiceTest" time="0.001"/>
  <testcase name="testSetIndex" classname="com.bl.flooring.service.FlooringServiceTest" time="0.001"/>
</testsuite>